2022-12-03 19:13:54,911 - instabot version: 0.117.0 (bot) - INFO - Instabot version: 0.117.0 Started
2022-12-03 19:13:54,912 - instabot version: 0.117.0 (bot) - DEBUG - Bot imported from C:\Users\shash\AppData\Roaming\Python\Python310\site-packages\instabot\bot\bot.py
2022-12-03 19:13:54,920 - instabot version: 0.117.0 (api_login) - DEBUG - Loading cookies
2022-12-03 19:13:54,921 - instabot version: 0.117.0 (api_login) - DEBUG - Loading uuids
2022-12-03 19:13:54,921 - instabot version: 0.117.0 (api_login) - INFO - Recovery from E:\projects\gumshuda-marimo/config/gumshuda_marimo_uuid_and_cookie.json: COOKIE True - UUIDs True - TIMING, DEVICE and ...
- user-agent=Instagram 117.0.0.28.123 Android (28/9.0; 420dpi; 1080x1920; OnePlus; ONEPLUS A3003; OnePlus3; qcom; en_US; 180322800)
- phone_id=354c8d3f-d4c2-445e-9f1b-dd4917b8a2fc
- uuid=19aea941-3c22-4edc-9709-749a42de62fb
- client_session_id=d620a399-2da4-4a06-bc8b-1e2cd0cba307
- device_id=android-5267a15e98ecfcd5
2022-12-03 19:13:54,922 - instabot version: 0.117.0 (api_login) - INFO - LOGIN FLOW! Just logged-in: False
2022-12-03 19:13:56,494 - instabot version: 0.117.0 (api) - DEBUG - POST to endpoint: feed/timeline/ returned response: <Response [200]>
2022-12-03 19:13:57,659 - instabot version: 0.117.0 (api) - DEBUG - POST to endpoint: feed/reels_tray/ returned response: <Response [200]>
2022-12-03 19:13:57,662 - instabot version: 0.117.0 (api) - INFO - Logged-in successfully as 'gumshuda_marimo'!
2022-12-03 19:13:57,664 - instabot version: 0.117.0 (bot_checkpoint) - DEBUG - Loading Checkpoint file from: E:\projects\gumshuda-marimo/config/gumshuda_marimo.checkpoint
2022-12-03 19:14:22,146 - instabot version: 0.117.0 (api) - DEBUG - POST to endpoint: media/configure/? returned response: <Response [200]>
2022-12-03 19:14:22,613 - instabot version: 0.117.0 (api) - DEBUG - POST to endpoint: qe/expose/ returned response: <Response [200]>
2022-12-03 19:14:22,614 - instabot version: 0.117.0 (bot_photo) - INFO - Photo 'posts/poster.jpeg' is uploaded.
2022-12-03 19:14:22,615 - instabot version: 0.117.0 (bot_checkpoint) - DEBUG - Saving Checkpoint file to: E:\projects\gumshuda-marimo/config/gumshuda_marimo.checkpoint
2022-12-03 19:14:22,616 - instabot version: 0.117.0 (bot) - INFO - Total requests: 33
